This file contains any messages produced by compilers while
running configure, to aid debugging if configure makes a mistake.

It was created by configure, which was
generated by GNU Autoconf 2.69.  Invocation command line was

  $ ./configure 

## --------- ##
## Platform. ##
## --------- ##

hostname = cosmos
uname -m = x86_64
uname -r = 4.0.4-2-ARCH
uname -s = Linux
uname -v = #1 SMP PREEMPT Fri May 22 03:05:23 UTC 2015

/usr/bin/uname -p = unknown
/bin/uname -X     = unknown

/bin/arch              = unknown
/usr/bin/arch -k       = unknown
/usr/convex/getsysinfo = unknown
/usr/bin/hostinfo      = unknown
/bin/machine           = unknown
/usr/bin/oslevel       = unknown
/bin/universe          = unknown

PATH: /home/optedoblivion/.bin
PATH: /opt/android-sdk
PATH: /home/optedoblivion/.bin
PATH: /opt/android-sdk
PATH: /usr/local/sbin
PATH: /usr/local/bin
PATH: /usr/bin
PATH: /opt/android-ndk
PATH: /opt/android-sdk/platform-tools
PATH: /opt/android-sdk/tools
PATH: /usr/lib/jvm/default/bin
PATH: /usr/bin/site_perl
PATH: /usr/bin/vendor_perl
PATH: /usr/bin/core_perl


## ----------- ##
## Core tests. ##
## ----------- ##

configure:2487: checking build system type
configure:2501: result: x86_64-unknown-linux-gnu
configure:2521: checking host system type
configure:2534: result: x86_64-unknown-linux-gnu
configure:2667: checking for gcc
configure:2683: found /usr/bin/gcc
configure:2694: result: gcc
configure:2923: checking for C compiler version
configure:2932: gcc --version >&5
gcc (GCC) 5.1.0
Copyright (C) 2015 Free Software Foundation, Inc.
This is free software; see the source for copying conditions.  There is NO
warranty; not even for MERCHANTABILITY or FITNESS FOR A PARTICULAR PURPOSE.

configure:2943: $? = 0
configure:2932: gcc -v >&5
Using built-in specs.
COLLECT_GCC=gcc
COLLECT_LTO_WRAPPER=/usr/lib/gcc/x86_64-unknown-linux-gnu/5.1.0/lto-wrapper
Target: x86_64-unknown-linux-gnu
Configured with: /build/gcc-multilib/src/gcc-5-20150519/configure --prefix=/usr --libdir=/usr/lib --libexecdir=/usr/lib --mandir=/usr/share/man --infodir=/usr/share/info --with-bugurl=https://bugs.archlinux.org/ --enable-languages=c,c++,ada,fortran,go,lto,objc,obj-c++ --enable-shared --enable-threads=posix --enable-libmpx --with-system-zlib --with-isl --enable-__cxa_atexit --disable-libunwind-exceptions --enable-clocale=gnu --disable-libstdcxx-pch --disable-libssp --enable-gnu-unique-object --enable-linker-build-id --enable-lto --enable-plugin --enable-install-libiberty --with-linker-hash-style=gnu --enable-gnu-indirect-function --enable-multilib --disable-werror --enable-checking=release --with-default-libstdcxx-abi=c++98
Thread model: posix
gcc version 5.1.0 (GCC) 
configure:2943: $? = 0
configure:2932: gcc -V >&5
gcc: error: unrecognized command line option '-V'
gcc: fatal error: no input files
compilation terminated.
configure:2943: $? = 1
configure:2932: gcc -qversion >&5
gcc: error: unrecognized command line option '-qversion'
gcc: fatal error: no input files
compilation terminated.
configure:2943: $? = 1
configure:2963: checking whether the C compiler works
configure:2985: gcc     conftest.c  >&5
configure:2989: $? = 0
configure:3037: result: yes
configure:3040: checking for C compiler default output file name
configure:3042: result: a.out
configure:3048: checking for suffix of executables
configure:3055: gcc -o conftest     conftest.c  >&5
configure:3059: $? = 0
configure:3081: result: 
configure:3103: checking whether we are cross compiling
configure:3111: gcc -o conftest     conftest.c  >&5
configure:3115: $? = 0
configure:3122: ./conftest
configure:3126: $? = 0
configure:3141: result: no
configure:3146: checking for suffix of object files
configure:3168: gcc -c    conftest.c >&5
configure:3172: $? = 0
configure:3193: result: o
configure:3197: checking whether we are using the GNU C compiler
configure:3216: gcc -c    conftest.c >&5
configure:3216: $? = 0
configure:3225: result: yes
configure:3234: checking whether gcc accepts -g
configure:3254: gcc -c -g  conftest.c >&5
configure:3254: $? = 0
configure:3295: result: yes
configure:3312: checking for gcc option to accept ISO C89
configure:3375: gcc  -c    conftest.c >&5
configure:3375: $? = 0
configure:3388: result: none needed
configure:3413: checking how to run the C preprocessor
configure:3444: gcc -E  conftest.c
configure:3444: $? = 0
configure:3458: gcc -E  conftest.c
conftest.c:14:28: fatal error: ac_nonexistent.h: No such file or directory
compilation terminated.
configure:3458: $? = 1
configure: failed program was:
| /* confdefs.h */
| #define PACKAGE_NAME ""
| #define PACKAGE_TARNAME ""
| #define PACKAGE_VERSION ""
| #define PACKAGE_STRING ""
| #define PACKAGE_BUGREPORT ""
| #define PACKAGE_URL ""
| #define VERSION_MAJOR 3
| #define VERSION_MINOR 0
| #define VERSION_POINT 23
| #define VERSION "3.0.23"
| #define CODE_STATUS "stable"
| /* end confdefs.h.  */
| #include <ac_nonexistent.h>
configure:3483: result: gcc -E
configure:3503: gcc -E  conftest.c
configure:3503: $? = 0
configure:3517: gcc -E  conftest.c
conftest.c:14:28: fatal error: ac_nonexistent.h: No such file or directory
compilation terminated.
configure:3517: $? = 1
configure: failed program was:
| /* confdefs.h */
| #define PACKAGE_NAME ""
| #define PACKAGE_TARNAME ""
| #define PACKAGE_VERSION ""
| #define PACKAGE_STRING ""
| #define PACKAGE_BUGREPORT ""
| #define PACKAGE_URL ""
| #define VERSION_MAJOR 3
| #define VERSION_MINOR 0
| #define VERSION_POINT 23
| #define VERSION "3.0.23"
| #define CODE_STATUS "stable"
| /* end confdefs.h.  */
| #include <ac_nonexistent.h>
configure:3559: checking for a BSD-compatible install
configure:3627: result: /usr/bin/install -c
configure:3638: checking whether ln -s works
configure:3642: result: yes
configure:3649: checking whether make sets $(MAKE)
configure:3671: result: yes
configure:3684: checking for gawk
configure:3700: found /usr/bin/gawk
configure:3711: result: gawk
configure:3725: checking for gdb
configure:3753: result: no
configure:3763: checking for groups
configure:3782: found /usr/bin/groups
configure:3795: result: /usr/bin/groups
configure:3805: checking for id
configure:3824: found /usr/bin/id
configure:3837: result: /usr/bin/id
configure:3889: WARNING: There is no user 'privoxy' on this system
configure:3892: checking for user
configure:3920: result: none specified
configure:3930: checking for group
configure:3966: result: none specified
configure:4053: checking for w3m
configure:4069: found /usr/bin/w3m
configure:4080: result: w3m
configure:4102: checking for db2html
configure:4132: result: no
configure:4102: checking for docbook2html
configure:4132: result: no
configure:4150: checking for rpm
configure:4180: result: no
configure:4201: checking for jade
configure:4231: result: no
configure:4201: checking for openjade
configure:4231: result: no
configure:4246: checking for man2html
configure:4276: result: no
configure:4301: checking for /usr/share/sgml/docbook/dsssl-stylesheets
configure:4301: checking for /usr/share/sgml/docbkdsl
configure:4301: checking for /usr/share/sgml/docbook-dsssl
configure:4301: checking for /usr/local/share/sgml/docbook/dsssl/modular
configure:4301: checking for /usr/share/sgml/docbook/stylesheet/dsssl/modular/
configure:4319: checking for /usr/share/sgml/CATALOG.docbk30
configure:4319: checking for /usr/share/sgml/CATALOG.docbk31
configure:4319: checking for /usr/share/sgml/CATALOG.docbk31
configure:4319: checking for /usr/local/share/sgml/docbook/3.0/docbook.cat
configure:4319: checking for /usr/local/share/sgml/docbook/3.1/docbook.cat
configure:4319: checking for /usr/share/sgml/docbook/dtd/3.1/docbook.cat
configure:4353: checking for grep that handles long lines and -e
configure:4411: result: /usr/bin/grep
configure:4416: checking for egrep
configure:4478: result: /usr/bin/grep -E
configure:4483: checking for ANSI C header files
configure:4503: gcc -c -pipe -O2   conftest.c 1>&5
configure:4503: $? = 0
configure:4576: gcc -o conftest -pipe -O2    conftest.c  1>&5
configure:4576: $? = 0
configure:4576: ./conftest
configure:4576: $? = 0
configure:4587: result: yes
configure:4600: checking for sys/types.h
configure:4600: gcc -c -pipe -O2   conftest.c 1>&5
configure:4600: $? = 0
configure:4600: result: yes
configure:4600: checking for sys/stat.h
configure:4600: gcc -c -pipe -O2   conftest.c 1>&5
configure:4600: $? = 0
configure:4600: result: yes
configure:4600: checking for stdlib.h
configure:4600: gcc -c -pipe -O2   conftest.c 1>&5
configure:4600: $? = 0
configure:4600: result: yes
configure:4600: checking for string.h
configure:4600: gcc -c -pipe -O2   conftest.c 1>&5
configure:4600: $? = 0
configure:4600: result: yes
configure:4600: checking for memory.h
configure:4600: gcc -c -pipe -O2   conftest.c 1>&5
configure:4600: $? = 0
configure:4600: result: yes
configure:4600: checking for strings.h
configure:4600: gcc -c -pipe -O2   conftest.c 1>&5
configure:4600: $? = 0
configure:4600: result: yes
configure:4600: checking for inttypes.h
configure:4600: gcc -c -pipe -O2   conftest.c 1>&5
configure:4600: $? = 0
configure:4600: result: yes
configure:4600: checking for stdint.h
configure:4600: gcc -c -pipe -O2   conftest.c 1>&5
configure:4600: $? = 0
configure:4600: result: yes
configure:4600: checking for unistd.h
configure:4600: gcc -c -pipe -O2   conftest.c 1>&5
configure:4600: $? = 0
configure:4600: result: yes
configure:4612: checking pthread.h usability
configure:4612: gcc -c -pipe -O2   conftest.c 1>&5
configure:4612: $? = 0
configure:4612: result: yes
configure:4612: checking pthread.h presence
configure:4612: gcc -E   conftest.c
configure:4612: $? = 0
configure:4612: result: yes
configure:4612: checking for pthread.h
configure:4612: result: yes
configure:4657: gcc -o conftest -pipe -O2  -pthread   conftest.c  1>&5
configure:4657: $? = 0
configure:4678: checking for gethostbyname in -lnsl
configure:4703: gcc -o conftest -pipe -O2    conftest.c -lnsl   1>&5
configure:4703: $? = 0
configure:4712: result: yes
configure:4724: checking for gethostbyaddr_r
configure:4724: gcc -o conftest -pipe -O2    conftest.c -lnsl  1>&5
configure:4724: $? = 0
configure:4724: result: yes
configure:4727: checking signature of gethostbyaddr_r
configure:4747: gcc -c -pipe -O2   conftest.c 1>&5
configure:4747: $? = 0
configure:4751: result: 8 args
configure:4831: checking for gethostbyname_r
configure:4831: gcc -o conftest -pipe -O2    conftest.c -lnsl  1>&5
configure:4831: $? = 0
configure:4831: result: yes
configure:4834: checking signature of gethostbyname_r
configure:4854: gcc -c -pipe -O2   conftest.c 1>&5
configure:4854: $? = 0
configure:4858: result: 6 args
configure:4937: checking for gmtime_r
configure:4937: gcc -o conftest -pipe -O2    conftest.c -lnsl  1>&5
configure:4937: $? = 0
configure:4937: result: yes
configure:4940: checking signature of gmtime_r
configure:4959: gcc -c -pipe -O2   conftest.c 1>&5
conftest.c: In function 'main':
conftest.c:37:21: warning: passing argument 1 of 'gmtime_r' from incompatible pointer type [-Wincompatible-pointer-types]
     (void) gmtime_r(t, tm)
                     ^
In file included from conftest.c:29:0:
/usr/include/time.h:249:19: note: expected 'const time_t * restrict {aka const long int * restrict}' but argument is of type 'struct time *'
 extern struct tm *gmtime_r (const time_t *__restrict __timer,
                   ^
configure:4959: $? = 0
configure:4961: result: ok
configure:4982: checking for localtime_r
configure:4982: gcc -o conftest -pipe -O2    conftest.c -lnsl  1>&5
configure:4982: $? = 0
configure:4982: result: yes
configure:4985: checking signature of localtime_r
configure:5004: gcc -c -pipe -O2   conftest.c 1>&5
conftest.c: In function 'main':
conftest.c:38:24: warning: passing argument 1 of 'localtime_r' from incompatible pointer type [-Wincompatible-pointer-types]
     (void) localtime_r(t, tm)
                        ^
In file included from conftest.c:30:0:
/usr/include/time.h:254:19: note: expected 'const time_t * restrict {aka const long int * restrict}' but argument is of type 'struct time *'
 extern struct tm *localtime_r (const time_t *__restrict __timer,
                   ^
configure:5004: $? = 0
configure:5006: result: ok
configure:5050: checking for socklen_t
configure:5059: result: yes
configure:5122: checking for ANSI C header files
configure:5226: result: yes
configure:5237: checking for dirent.h that defines DIR
configure:5256: gcc -c -pipe -O2   conftest.c 1>&5
configure:5256: $? = 0
configure:5264: result: yes
configure:5277: checking for library containing opendir
configure:5308: gcc -o conftest -pipe -O2    conftest.c -lnsl  1>&5
configure:5308: $? = 0
configure:5325: result: none required
configure:5392: checking for an ANSI C-conforming const
configure:5458: gcc -c -pipe -O2   conftest.c 1>&5
configure:5458: $? = 0
configure:5465: result: yes
configure:5473: checking for size_t
configure:5473: gcc -c -pipe -O2   conftest.c 1>&5
configure:5473: $? = 0
configure:5473: gcc -c -pipe -O2   conftest.c 1>&5
conftest.c: In function 'main':
conftest.c:68:21: error: expected expression before ')' token
 if (sizeof ((size_t)))
                     ^
configure:5473: $? = 1
configure: failed program was:
| /* confdefs.h */
| #define PACKAGE_NAME ""
| #define PACKAGE_TARNAME ""
| #define PACKAGE_VERSION ""
| #define PACKAGE_STRING ""
| #define PACKAGE_BUGREPORT ""
| #define PACKAGE_URL ""
| #define VERSION_MAJOR 3
| #define VERSION_MINOR 0
| #define VERSION_POINT 23
| #define VERSION "3.0.23"
| #define CODE_STATUS "stable"
| #define STDC_HEADERS 1
| #define HAVE_SYS_TYPES_H 1
| #define HAVE_SYS_STAT_H 1
| #define HAVE_STDLIB_H 1
| #define HAVE_STRING_H 1
| #define HAVE_MEMORY_H 1
| #define HAVE_STRINGS_H 1
| #define HAVE_INTTYPES_H 1
| #define HAVE_STDINT_H 1
| #define HAVE_UNISTD_H 1
| #define FEATURE_PTHREAD 1
| #define HAVE_LIBNSL 1
| #define HAVE_GETHOSTBYADDR_R_8_ARGS 1
| #define HAVE_GETHOSTBYNAME_R_6_ARGS 1
| #define HAVE_GMTIME_R 1
| #define HAVE_LOCALTIME_R 1
| #define STDC_HEADERS 1
| #define HAVE_DIRENT_H 1
| /* end confdefs.h.  */
| #include <stdio.h>
| #ifdef HAVE_SYS_TYPES_H
| # include <sys/types.h>
| #endif
| #ifdef HAVE_SYS_STAT_H
| # include <sys/stat.h>
| #endif
| #ifdef STDC_HEADERS
| # include <stdlib.h>
| # include <stddef.h>
| #else
| # ifdef HAVE_STDLIB_H
| #  include <stdlib.h>
| # endif
| #endif
| #ifdef HAVE_STRING_H
| # if !defined STDC_HEADERS && defined HAVE_MEMORY_H
| #  include <memory.h>
| # endif
| # include <string.h>
| #endif
| #ifdef HAVE_STRINGS_H
| # include <strings.h>
| #endif
| #ifdef HAVE_INTTYPES_H
| # include <inttypes.h>
| #endif
| #ifdef HAVE_STDINT_H
| # include <stdint.h>
| #endif
| #ifdef HAVE_UNISTD_H
| # include <unistd.h>
| #endif
| int
| main ()
| {
| if (sizeof ((size_t)))
| 	    return 0;
|   ;
|   return 0;
| }
configure:5473: result: yes
configure:5484: checking for pid_t
configure:5484: gcc -c -pipe -O2   conftest.c 1>&5
configure:5484: $? = 0
configure:5484: gcc -c -pipe -O2   conftest.c 1>&5
conftest.c: In function 'main':
conftest.c:68:20: error: expected expression before ')' token
 if (sizeof ((pid_t)))
                    ^
configure:5484: $? = 1
configure: failed program was:
| /* confdefs.h */
| #define PACKAGE_NAME ""
| #define PACKAGE_TARNAME ""
| #define PACKAGE_VERSION ""
| #define PACKAGE_STRING ""
| #define PACKAGE_BUGREPORT ""
| #define PACKAGE_URL ""
| #define VERSION_MAJOR 3
| #define VERSION_MINOR 0
| #define VERSION_POINT 23
| #define VERSION "3.0.23"
| #define CODE_STATUS "stable"
| #define STDC_HEADERS 1
| #define HAVE_SYS_TYPES_H 1
| #define HAVE_SYS_STAT_H 1
| #define HAVE_STDLIB_H 1
| #define HAVE_STRING_H 1
| #define HAVE_MEMORY_H 1
| #define HAVE_STRINGS_H 1
| #define HAVE_INTTYPES_H 1
| #define HAVE_STDINT_H 1
| #define HAVE_UNISTD_H 1
| #define FEATURE_PTHREAD 1
| #define HAVE_LIBNSL 1
| #define HAVE_GETHOSTBYADDR_R_8_ARGS 1
| #define HAVE_GETHOSTBYNAME_R_6_ARGS 1
| #define HAVE_GMTIME_R 1
| #define HAVE_LOCALTIME_R 1
| #define STDC_HEADERS 1
| #define HAVE_DIRENT_H 1
| /* end confdefs.h.  */
| #include <stdio.h>
| #ifdef HAVE_SYS_TYPES_H
| # include <sys/types.h>
| #endif
| #ifdef HAVE_SYS_STAT_H
| # include <sys/stat.h>
| #endif
| #ifdef STDC_HEADERS
| # include <stdlib.h>
| # include <stddef.h>
| #else
| # ifdef HAVE_STDLIB_H
| #  include <stdlib.h>
| # endif
| #endif
| #ifdef HAVE_STRING_H
| # if !defined STDC_HEADERS && defined HAVE_MEMORY_H
| #  include <memory.h>
| # endif
| # include <string.h>
| #endif
| #ifdef HAVE_STRINGS_H
| # include <strings.h>
| #endif
| #ifdef HAVE_INTTYPES_H
| # include <inttypes.h>
| #endif
| #ifdef HAVE_STDINT_H
| # include <stdint.h>
| #endif
| #ifdef HAVE_UNISTD_H
| # include <unistd.h>
| #endif
| int
| main ()
| {
| if (sizeof ((pid_t)))
| 	    return 0;
|   ;
|   return 0;
| }
configure:5484: result: yes
configure:5495: checking whether time.h and sys/time.h may both be included
configure:5515: gcc -c -pipe -O2   conftest.c 1>&5
configure:5515: $? = 0
configure:5522: result: yes
configure:5530: checking whether struct tm is in sys/time.h or time.h
configure:5550: gcc -c -pipe -O2   conftest.c 1>&5
configure:5550: $? = 0
configure:5557: result: time.h
configure:5569: checking size of int
configure:5574: gcc -o conftest -pipe -O2    conftest.c -lnsl  1>&5
configure:5574: $? = 0
configure:5574: ./conftest
configure:5574: $? = 0
configure:5588: result: 4
configure:5602: checking size of char *
configure:5607: gcc -o conftest -pipe -O2    conftest.c -lnsl  1>&5
configure:5607: $? = 0
configure:5607: ./conftest
configure:5607: $? = 0
configure:5621: result: 8
configure:5635: checking size of long
configure:5640: gcc -o conftest -pipe -O2    conftest.c -lnsl  1>&5
configure:5640: $? = 0
configure:5640: ./conftest
configure:5640: $? = 0
configure:5654: result: 8
configure:5668: checking size of long long
configure:5673: gcc -o conftest -pipe -O2    conftest.c -lnsl  1>&5
configure:5673: $? = 0
configure:5673: ./conftest
configure:5673: $? = 0
configure:5687: result: 8
configure:5701: checking size of size_t
configure:5706: gcc -o conftest -pipe -O2    conftest.c -lnsl  1>&5
configure:5706: $? = 0
configure:5706: ./conftest
configure:5706: $? = 0
configure:5720: result: 8
configure:5752: checking OS.h usability
configure:5752: gcc -c -pipe -O2   conftest.c 1>&5
conftest.c:71:16: fatal error: OS.h: No such file or directory
compilation terminated.
configure:5752: $? = 1
configure: failed program was:
| /* confdefs.h */
| #define PACKAGE_NAME ""
| #define PACKAGE_TARNAME ""
| #define PACKAGE_VERSION ""
| #define PACKAGE_STRING ""
| #define PACKAGE_BUGREPORT ""
| #define PACKAGE_URL ""
| #define VERSION_MAJOR 3
| #define VERSION_MINOR 0
| #define VERSION_POINT 23
| #define VERSION "3.0.23"
| #define CODE_STATUS "stable"
| #define STDC_HEADERS 1
| #define HAVE_SYS_TYPES_H 1
| #define HAVE_SYS_STAT_H 1
| #define HAVE_STDLIB_H 1
| #define HAVE_STRING_H 1
| #define HAVE_MEMORY_H 1
| #define HAVE_STRINGS_H 1
| #define HAVE_INTTYPES_H 1
| #define HAVE_STDINT_H 1
| #define HAVE_UNISTD_H 1
| #define FEATURE_PTHREAD 1
| #define HAVE_LIBNSL 1
| #define HAVE_GETHOSTBYADDR_R_8_ARGS 1
| #define HAVE_GETHOSTBYNAME_R_6_ARGS 1
| #define HAVE_GMTIME_R 1
| #define HAVE_LOCALTIME_R 1
| #define STDC_HEADERS 1
| #define HAVE_DIRENT_H 1
| #define TIME_WITH_SYS_TIME 1
| #define SIZEOF_INT 4
| #define SIZEOF_CHAR_P 8
| #define SIZEOF_LONG 8
| #define SIZEOF_LONG_LONG 8
| #define SIZEOF_SIZE_T 8
| /* end confdefs.h.  */
| #include <stdio.h>
| #ifdef HAVE_SYS_TYPES_H
| # include <sys/types.h>
| #endif
| #ifdef HAVE_SYS_STAT_H
| # include <sys/stat.h>
| #endif
| #ifdef STDC_HEADERS
| # include <stdlib.h>
| # include <stddef.h>
| #else
| # ifdef HAVE_STDLIB_H
| #  include <stdlib.h>
| # endif
| #endif
| #ifdef HAVE_STRING_H
| # if !defined STDC_HEADERS && defined HAVE_MEMORY_H
| #  include <memory.h>
| # endif
| # include <string.h>
| #endif
| #ifdef HAVE_STRINGS_H
| # include <strings.h>
| #endif
| #ifdef HAVE_INTTYPES_H
| # include <inttypes.h>
| #endif
| #ifdef HAVE_STDINT_H
| # include <stdint.h>
| #endif
| #ifdef HAVE_UNISTD_H
| # include <unistd.h>
| #endif
| #include <OS.h>
configure:5752: result: no
configure:5752: checking OS.h presence
configure:5752: gcc -E  -pthread conftest.c
conftest.c:38:16: fatal error: OS.h: No such file or directory
compilation terminated.
configure:5752: $? = 1
configure: failed program was:
| /* confdefs.h */
| #define PACKAGE_NAME ""
| #define PACKAGE_TARNAME ""
| #define PACKAGE_VERSION ""
| #define PACKAGE_STRING ""
| #define PACKAGE_BUGREPORT ""
| #define PACKAGE_URL ""
| #define VERSION_MAJOR 3
| #define VERSION_MINOR 0
| #define VERSION_POINT 23
| #define VERSION "3.0.23"
| #define CODE_STATUS "stable"
| #define STDC_HEADERS 1
| #define HAVE_SYS_TYPES_H 1
| #define HAVE_SYS_STAT_H 1
| #define HAVE_STDLIB_H 1
| #define HAVE_STRING_H 1
| #define HAVE_MEMORY_H 1
| #define HAVE_STRINGS_H 1
| #define HAVE_INTTYPES_H 1
| #define HAVE_STDINT_H 1
| #define HAVE_UNISTD_H 1
| #define FEATURE_PTHREAD 1
| #define HAVE_LIBNSL 1
| #define HAVE_GETHOSTBYADDR_R_8_ARGS 1
| #define HAVE_GETHOSTBYNAME_R_6_ARGS 1
| #define HAVE_GMTIME_R 1
| #define HAVE_LOCALTIME_R 1
| #define STDC_HEADERS 1
| #define HAVE_DIRENT_H 1
| #define TIME_WITH_SYS_TIME 1
| #define SIZEOF_INT 4
| #define SIZEOF_CHAR_P 8
| #define SIZEOF_LONG 8
| #define SIZEOF_LONG_LONG 8
| #define SIZEOF_SIZE_T 8
| /* end confdefs.h.  */
| #include <OS.h>
configure:5752: result: no
configure:5752: checking for OS.h
configure:5752: result: no
configure:5752: checking arpa/inet.h usability
configure:5752: gcc -c -pipe -O2   conftest.c 1>&5
configure:5752: $? = 0
configure:5752: result: yes
configure:5752: checking arpa/inet.h presence
configure:5752: gcc -E  -pthread conftest.c
configure:5752: $? = 0
configure:5752: result: yes
configure:5752: checking for arpa/inet.h
configure:5752: result: yes
configure:5752: checking errno.h usability
configure:5752: gcc -c -pipe -O2   conftest.c 1>&5
configure:5752: $? = 0
configure:5752: result: yes
configure:5752: checking errno.h presence
configure:5752: gcc -E  -pthread conftest.c
configure:5752: $? = 0
configure:5752: result: yes
configure:5752: checking for errno.h
configure:5752: result: yes
configure:5752: checking fcntl.h usability
configure:5752: gcc -c -pipe -O2   conftest.c 1>&5
configure:5752: $? = 0
configure:5752: result: yes
configure:5752: checking fcntl.h presence
configure:5752: gcc -E  -pthread conftest.c
configure:5752: $? = 0
configure:5752: result: yes
configure:5752: checking for fcntl.h
configure:5752: result: yes
configure:5752: checking limits.h usability
configure:5752: gcc -c -pipe -O2   conftest.c 1>&5
configure:5752: $? = 0
configure:5752: result: yes
configure:5752: checking limits.h presence
configure:5752: gcc -E  -pthread conftest.c
configure:5752: $? = 0
configure:5752: result: yes
configure:5752: checking for limits.h
configure:5752: result: yes
configure:5752: checking locale.h usability
configure:5752: gcc -c -pipe -O2   conftest.c 1>&5
configure:5752: $? = 0
configure:5752: result: yes
configure:5752: checking locale.h presence
configure:5752: gcc -E  -pthread conftest.c
configure:5752: $? = 0
configure:5752: result: yes
configure:5752: checking for locale.h
configure:5752: result: yes
configure:5752: checking netdb.h usability
configure:5752: gcc -c -pipe -O2   conftest.c 1>&5
configure:5752: $? = 0
configure:5752: result: yes
configure:5752: checking netdb.h presence
configure:5752: gcc -E  -pthread conftest.c
configure:5752: $? = 0
configure:5752: result: yes
configure:5752: checking for netdb.h
configure:5752: result: yes
configure:5752: checking netinet/in.h usability
configure:5752: gcc -c -pipe -O2   conftest.c 1>&5
configure:5752: $? = 0
configure:5752: result: yes
configure:5752: checking netinet/in.h presence
configure:5752: gcc -E  -pthread conftest.c
configure:5752: $? = 0
configure:5752: result: yes
configure:5752: checking for netinet/in.h
configure:5752: result: yes
configure:5752: checking stddef.h usability
configure:5752: gcc -c -pipe -O2   conftest.c 1>&5
configure:5752: $? = 0
configure:5752: result: yes
configure:5752: checking stddef.h presence
configure:5752: gcc -E  -pthread conftest.c
configure:5752: $? = 0
configure:5752: result: yes
configure:5752: checking for stddef.h
configure:5752: result: yes
configure:5752: checking for stdlib.h
configure:5752: result: yes
configure:5752: checking for string.h
configure:5752: result: yes
configure:5752: checking sys/ioctl.h usability
configure:5752: gcc -c -pipe -O2   conftest.c 1>&5
configure:5752: $? = 0
configure:5752: result: yes
configure:5752: checking sys/ioctl.h presence
configure:5752: gcc -E  -pthread conftest.c
configure:5752: $? = 0
configure:5752: result: yes
configure:5752: checking for sys/ioctl.h
configure:5752: result: yes
configure:5752: checking sys/socket.h usability
configure:5752: gcc -c -pipe -O2   conftest.c 1>&5
configure:5752: $? = 0
configure:5752: result: yes
configure:5752: checking sys/socket.h presence
configure:5752: gcc -E  -pthread conftest.c
configure:5752: $? = 0
configure:5752: result: yes
configure:5752: checking for sys/socket.h
configure:5752: result: yes
configure:5752: checking sys/time.h usability
configure:5752: gcc -c -pipe -O2   conftest.c 1>&5
configure:5752: $? = 0
configure:5752: result: yes
configure:5752: checking sys/time.h presence
configure:5752: gcc -E  -pthread conftest.c
configure:5752: $? = 0
configure:5752: result: yes
configure:5752: checking for sys/time.h
configure:5752: result: yes
configure:5752: checking sys/timeb.h usability
configure:5752: gcc -c -pipe -O2   conftest.c 1>&5
configure:5752: $? = 0
configure:5752: result: yes
configure:5752: checking sys/timeb.h presence
configure:5752: gcc -E  -pthread conftest.c
configure:5752: $? = 0
configure:5752: result: yes
configure:5752: checking for sys/timeb.h
configure:5752: result: yes
configure:5752: checking sys/wait.h usability
configure:5752: gcc -c -pipe -O2   conftest.c 1>&5
configure:5752: $? = 0
configure:5752: result: yes
configure:5752: checking sys/wait.h presence
configure:5752: gcc -E  -pthread conftest.c
configure:5752: $? = 0
configure:5752: result: yes
configure:5752: checking for sys/wait.h
configure:5752: result: yes
configure:5752: checking for unistd.h
configure:5752: result: yes
configure:5765: checking for bcopy
configure:5765: gcc -o conftest -pipe -O2    conftest.c -lnsl  1>&5
conftest.c:77:6: warning: conflicting types for built-in function 'bcopy'
 char bcopy ();
      ^
configure:5765: $? = 0
configure:5765: result: yes
configure:5775: checking whether gcc needs -traditional
configure:5809: result: no
configure:5816: checking return type of signal handlers
configure:5834: gcc -c -pipe -O2   conftest.c 1>&5
conftest.c: In function 'main':
conftest.c:61:9: error: void value not ignored as it ought to be
 return *(signal (0, 0)) (0) == 1;
         ^
configure:5834: $? = 1
configure: failed program was:
| /* confdefs.h */
| #define PACKAGE_NAME ""
| #define PACKAGE_TARNAME ""
| #define PACKAGE_VERSION ""
| #define PACKAGE_STRING ""
| #define PACKAGE_BUGREPORT ""
| #define PACKAGE_URL ""
| #define VERSION_MAJOR 3
| #define VERSION_MINOR 0
| #define VERSION_POINT 23
| #define VERSION "3.0.23"
| #define CODE_STATUS "stable"
| #define STDC_HEADERS 1
| #define HAVE_SYS_TYPES_H 1
| #define HAVE_SYS_STAT_H 1
| #define HAVE_STDLIB_H 1
| #define HAVE_STRING_H 1
| #define HAVE_MEMORY_H 1
| #define HAVE_STRINGS_H 1
| #define HAVE_INTTYPES_H 1
| #define HAVE_STDINT_H 1
| #define HAVE_UNISTD_H 1
| #define FEATURE_PTHREAD 1
| #define HAVE_LIBNSL 1
| #define HAVE_GETHOSTBYADDR_R_8_ARGS 1
| #define HAVE_GETHOSTBYNAME_R_6_ARGS 1
| #define HAVE_GMTIME_R 1
| #define HAVE_LOCALTIME_R 1
| #define STDC_HEADERS 1
| #define HAVE_DIRENT_H 1
| #define TIME_WITH_SYS_TIME 1
| #define SIZEOF_INT 4
| #define SIZEOF_CHAR_P 8
| #define SIZEOF_LONG 8
| #define SIZEOF_LONG_LONG 8
| #define SIZEOF_SIZE_T 8
| #define HAVE_ARPA_INET_H 1
| #define HAVE_ERRNO_H 1
| #define HAVE_FCNTL_H 1
| #define HAVE_LIMITS_H 1
| #define HAVE_LOCALE_H 1
| #define HAVE_NETDB_H 1
| #define HAVE_NETINET_IN_H 1
| #define HAVE_STDDEF_H 1
| #define HAVE_STDLIB_H 1
| #define HAVE_STRING_H 1
| #define HAVE_SYS_IOCTL_H 1
| #define HAVE_SYS_SOCKET_H 1
| #define HAVE_SYS_TIME_H 1
| #define HAVE_SYS_TIMEB_H 1
| #define HAVE_SYS_WAIT_H 1
| #define HAVE_UNISTD_H 1
| #define HAVE_BCOPY 1
| /* end confdefs.h.  */
| #include <sys/types.h>
| #include <signal.h>
| 
| int
| main ()
| {
| return *(signal (0, 0)) (0) == 1;
|   ;
|   return 0;
| }
configure:5841: result: void
configure:5884: checking for access
configure:5884: gcc -o conftest -pipe -O2    conftest.c -lnsl  1>&5
configure:5884: $? = 0
configure:5884: result: yes
configure:5884: checking for atexit
configure:5884: gcc -o conftest -pipe -O2    conftest.c -lnsl  1>&5
configure:5884: $? = 0
configure:5884: result: yes
configure:5884: checking for getcwd
configure:5884: gcc -o conftest -pipe -O2    conftest.c -lnsl  1>&5
configure:5884: $? = 0
configure:5884: result: yes
configure:5884: checking for gethostbyaddr
configure:5884: gcc -o conftest -pipe -O2    conftest.c -lnsl  1>&5
configure:5884: $? = 0
configure:5884: result: yes
configure:5884: checking for gethostbyaddr_r
configure:5884: result: yes
configure:5884: checking for gethostbyname
configure:5884: gcc -o conftest -pipe -O2    conftest.c -lnsl  1>&5
configure:5884: $? = 0
configure:5884: result: yes
configure:5884: checking for gethostbyname_r
configure:5884: result: yes
configure:5884: checking for gettimeofday
configure:5884: gcc -o conftest -pipe -O2    conftest.c -lnsl  1>&5
configure:5884: $? = 0
configure:5884: result: yes
configure:5884: checking for inet_ntoa
configure:5884: gcc -o conftest -pipe -O2    conftest.c -lnsl  1>&5
configure:5884: $? = 0
configure:5884: result: yes
configure:5884: checking for memchr
configure:5884: gcc -o conftest -pipe -O2    conftest.c -lnsl  1>&5
conftest.c:88:6: warning: conflicting types for built-in function 'memchr'
 char memchr ();
      ^
configure:5884: $? = 0
configure:5884: result: yes
configure:5884: checking for memmove
configure:5884: gcc -o conftest -pipe -O2    conftest.c -lnsl  1>&5
conftest.c:89:6: warning: conflicting types for built-in function 'memmove'
 char memmove ();
      ^
configure:5884: $? = 0
configure:5884: result: yes
configure:5884: checking for memset
configure:5884: gcc -o conftest -pipe -O2    conftest.c -lnsl  1>&5
conftest.c:90:6: warning: conflicting types for built-in function 'memset'
 char memset ();
      ^
configure:5884: $? = 0
configure:5884: result: yes
configure:5884: checking for poll
configure:5884: gcc -o conftest -pipe -O2    conftest.c -lnsl  1>&5
configure:5884: $? = 0
configure:5884: result: yes
configure:5884: checking for putenv
configure:5884: gcc -o conftest -pipe -O2    conftest.c -lnsl  1>&5
configure:5884: $? = 0
configure:5884: result: yes
configure:5884: checking for random
configure:5884: gcc -o conftest -pipe -O2    conftest.c -lnsl  1>&5
configure:5884: $? = 0
configure:5884: result: yes
configure:5884: checking for regcomp
configure:5884: gcc -o conftest -pipe -O2    conftest.c -lnsl  1>&5
configure:5884: $? = 0
configure:5884: result: yes
configure:5884: checking for select
configure:5884: gcc -o conftest -pipe -O2    conftest.c -lnsl  1>&5
configure:5884: $? = 0
configure:5884: result: yes
configure:5884: checking for setlocale
configure:5884: gcc -o conftest -pipe -O2    conftest.c -lnsl  1>&5
configure:5884: $? = 0
configure:5884: result: yes
configure:5884: checking for shutdown
configure:5884: gcc -o conftest -pipe -O2    conftest.c -lnsl  1>&5
configure:5884: $? = 0
configure:5884: result: yes
configure:5884: checking for snprintf
configure:5884: gcc -o conftest -pipe -O2    conftest.c -lnsl  1>&5
conftest.c:98:6: warning: conflicting types for built-in function 'snprintf'
 char snprintf ();
      ^
configure:5884: $? = 0
configure:5884: result: yes
configure:5884: checking for socket
configure:5884: gcc -o conftest -pipe -O2    conftest.c -lnsl  1>&5
configure:5884: $? = 0
configure:5884: result: yes
configure:5884: checking for strchr
configure:5884: gcc -o conftest -pipe -O2    conftest.c -lnsl  1>&5
conftest.c:100:6: warning: conflicting types for built-in function 'strchr'
 char strchr ();
      ^
configure:5884: $? = 0
configure:5884: result: yes
configure:5884: checking for strdup
configure:5884: gcc -o conftest -pipe -O2    conftest.c -lnsl  1>&5
conftest.c:101:6: warning: conflicting types for built-in function 'strdup'
 char strdup ();
      ^
configure:5884: $? = 0
configure:5884: result: yes
configure:5884: checking for strerror
configure:5884: gcc -o conftest -pipe -O2    conftest.c -lnsl  1>&5
configure:5884: $? = 0
configure:5884: result: yes
configure:5884: checking for strftime
configure:5884: gcc -o conftest -pipe -O2    conftest.c -lnsl  1>&5
conftest.c:103:6: warning: conflicting types for built-in function 'strftime'
 char strftime ();
      ^
configure:5884: $? = 0
configure:5884: result: yes
configure:5884: checking for strlcat
configure:5884: gcc -o conftest -pipe -O2    conftest.c -lnsl  1>&5
/tmp/ccCvbI1l.o: In function `main':
conftest.c:(.text.startup+0x7): undefined reference to `strlcat'
collect2: error: ld returned 1 exit status
configure:5884: $? = 1
configure: failed program was:
| /* confdefs.h */
| #define PACKAGE_NAME ""
| #define PACKAGE_TARNAME ""
| #define PACKAGE_VERSION ""
| #define PACKAGE_STRING ""
| #define PACKAGE_BUGREPORT ""
| #define PACKAGE_URL ""
| #define VERSION_MAJOR 3
| #define VERSION_MINOR 0
| #define VERSION_POINT 23
| #define VERSION "3.0.23"
| #define CODE_STATUS "stable"
| #define STDC_HEADERS 1
| #define HAVE_SYS_TYPES_H 1
| #define HAVE_SYS_STAT_H 1
| #define HAVE_STDLIB_H 1
| #define HAVE_STRING_H 1
| #define HAVE_MEMORY_H 1
| #define HAVE_STRINGS_H 1
| #define HAVE_INTTYPES_H 1
| #define HAVE_STDINT_H 1
| #define HAVE_UNISTD_H 1
| #define FEATURE_PTHREAD 1
| #define HAVE_LIBNSL 1
| #define HAVE_GETHOSTBYADDR_R_8_ARGS 1
| #define HAVE_GETHOSTBYNAME_R_6_ARGS 1
| #define HAVE_GMTIME_R 1
| #define HAVE_LOCALTIME_R 1
| #define STDC_HEADERS 1
| #define HAVE_DIRENT_H 1
| #define TIME_WITH_SYS_TIME 1
| #define SIZEOF_INT 4
| #define SIZEOF_CHAR_P 8
| #define SIZEOF_LONG 8
| #define SIZEOF_LONG_LONG 8
| #define SIZEOF_SIZE_T 8
| #define HAVE_ARPA_INET_H 1
| #define HAVE_ERRNO_H 1
| #define HAVE_FCNTL_H 1
| #define HAVE_LIMITS_H 1
| #define HAVE_LOCALE_H 1
| #define HAVE_NETDB_H 1
| #define HAVE_NETINET_IN_H 1
| #define HAVE_STDDEF_H 1
| #define HAVE_STDLIB_H 1
| #define HAVE_STRING_H 1
| #define HAVE_SYS_IOCTL_H 1
| #define HAVE_SYS_SOCKET_H 1
| #define HAVE_SYS_TIME_H 1
| #define HAVE_SYS_TIMEB_H 1
| #define HAVE_SYS_WAIT_H 1
| #define HAVE_UNISTD_H 1
| #define HAVE_BCOPY 1
| #define RETSIGTYPE void
| #define HAVE_ACCESS 1
| #define HAVE_ATEXIT 1
| #define HAVE_GETCWD 1
| #define HAVE_GETHOSTBYADDR 1
| #define HAVE_GETHOSTBYADDR_R 1
| #define HAVE_GETHOSTBYNAME 1
| #define HAVE_GETHOSTBYNAME_R 1
| #define HAVE_GETTIMEOFDAY 1
| #define HAVE_INET_NTOA 1
| #define HAVE_MEMCHR 1
| #define HAVE_MEMMOVE 1
| #define HAVE_MEMSET 1
| #define HAVE_POLL 1
| #define HAVE_PUTENV 1
| #define HAVE_RANDOM 1
| #define HAVE_REGCOMP 1
| #define HAVE_SELECT 1
| #define HAVE_SETLOCALE 1
| #define HAVE_SHUTDOWN 1
| #define HAVE_SNPRINTF 1
| #define HAVE_SOCKET 1
| #define HAVE_STRCHR 1
| #define HAVE_STRDUP 1
| #define HAVE_STRERROR 1
| #define HAVE_STRFTIME 1
| /* end confdefs.h.  */
| /* Define strlcat to an innocuous variant, in case <limits.h> declares strlcat.
|    For example, HP-UX 11i <limits.h> declares gettimeofday.  */
| #define strlcat innocuous_strlcat
| 
| /* System header to define __stub macros and hopefully few prototypes,
|     which can conflict with char strlcat (); below.
|     Prefer <limits.h> to <assert.h> if __STDC__ is defined, since
|     <limits.h> exists even on freestanding compilers.  */
| 
| #ifdef __STDC__
| # include <limits.h>
| #else
| # include <assert.h>
| #endif
| 
| #undef strlcat
| 
| /* Override any GCC internal prototype to avoid an error.
|    Use char because int might match the return type of a GCC
|    builtin and then its argument prototype would still apply.  */
| #ifdef __cplusplus
| extern "C"
| #endif
| char strlcat ();
| /* The GNU C library defines this for functions which it implements
|     to always fail with ENOSYS.  Some functions are actually named
|     something starting with __ and the normal name is an alias.  */
| #if defined __stub_strlcat || defined __stub___strlcat
| choke me
| #endif
| 
| int
| main ()
| {
| return strlcat ();
|   ;
|   return 0;
| }
configure:5884: result: no
configure:5884: checking for strlcpy
configure:5884: gcc -o conftest -pipe -O2    conftest.c -lnsl  1>&5
/tmp/cc4VyLEr.o: In function `main':
conftest.c:(.text.startup+0x7): undefined reference to `strlcpy'
collect2: error: ld returned 1 exit status
configure:5884: $? = 1
configure: failed program was:
| /* confdefs.h */
| #define PACKAGE_NAME ""
| #define PACKAGE_TARNAME ""
| #define PACKAGE_VERSION ""
| #define PACKAGE_STRING ""
| #define PACKAGE_BUGREPORT ""
| #define PACKAGE_URL ""
| #define VERSION_MAJOR 3
| #define VERSION_MINOR 0
| #define VERSION_POINT 23
| #define VERSION "3.0.23"
| #define CODE_STATUS "stable"
| #define STDC_HEADERS 1
| #define HAVE_SYS_TYPES_H 1
| #define HAVE_SYS_STAT_H 1
| #define HAVE_STDLIB_H 1
| #define HAVE_STRING_H 1
| #define HAVE_MEMORY_H 1
| #define HAVE_STRINGS_H 1
| #define HAVE_INTTYPES_H 1
| #define HAVE_STDINT_H 1
| #define HAVE_UNISTD_H 1
| #define FEATURE_PTHREAD 1
| #define HAVE_LIBNSL 1
| #define HAVE_GETHOSTBYADDR_R_8_ARGS 1
| #define HAVE_GETHOSTBYNAME_R_6_ARGS 1
| #define HAVE_GMTIME_R 1
| #define HAVE_LOCALTIME_R 1
| #define STDC_HEADERS 1
| #define HAVE_DIRENT_H 1
| #define TIME_WITH_SYS_TIME 1
| #define SIZEOF_INT 4
| #define SIZEOF_CHAR_P 8
| #define SIZEOF_LONG 8
| #define SIZEOF_LONG_LONG 8
| #define SIZEOF_SIZE_T 8
| #define HAVE_ARPA_INET_H 1
| #define HAVE_ERRNO_H 1
| #define HAVE_FCNTL_H 1
| #define HAVE_LIMITS_H 1
| #define HAVE_LOCALE_H 1
| #define HAVE_NETDB_H 1
| #define HAVE_NETINET_IN_H 1
| #define HAVE_STDDEF_H 1
| #define HAVE_STDLIB_H 1
| #define HAVE_STRING_H 1
| #define HAVE_SYS_IOCTL_H 1
| #define HAVE_SYS_SOCKET_H 1
| #define HAVE_SYS_TIME_H 1
| #define HAVE_SYS_TIMEB_H 1
| #define HAVE_SYS_WAIT_H 1
| #define HAVE_UNISTD_H 1
| #define HAVE_BCOPY 1
| #define RETSIGTYPE void
| #define HAVE_ACCESS 1
| #define HAVE_ATEXIT 1
| #define HAVE_GETCWD 1
| #define HAVE_GETHOSTBYADDR 1
| #define HAVE_GETHOSTBYADDR_R 1
| #define HAVE_GETHOSTBYNAME 1
| #define HAVE_GETHOSTBYNAME_R 1
| #define HAVE_GETTIMEOFDAY 1
| #define HAVE_INET_NTOA 1
| #define HAVE_MEMCHR 1
| #define HAVE_MEMMOVE 1
| #define HAVE_MEMSET 1
| #define HAVE_POLL 1
| #define HAVE_PUTENV 1
| #define HAVE_RANDOM 1
| #define HAVE_REGCOMP 1
| #define HAVE_SELECT 1
| #define HAVE_SETLOCALE 1
| #define HAVE_SHUTDOWN 1
| #define HAVE_SNPRINTF 1
| #define HAVE_SOCKET 1
| #define HAVE_STRCHR 1
| #define HAVE_STRDUP 1
| #define HAVE_STRERROR 1
| #define HAVE_STRFTIME 1
| /* end confdefs.h.  */
| /* Define strlcpy to an innocuous variant, in case <limits.h> declares strlcpy.
|    For example, HP-UX 11i <limits.h> declares gettimeofday.  */
| #define strlcpy innocuous_strlcpy
| 
| /* System header to define __stub macros and hopefully few prototypes,
|     which can conflict with char strlcpy (); below.
|     Prefer <limits.h> to <assert.h> if __STDC__ is defined, since
|     <limits.h> exists even on freestanding compilers.  */
| 
| #ifdef __STDC__
| # include <limits.h>
| #else
| # include <assert.h>
| #endif
| 
| #undef strlcpy
| 
| /* Override any GCC internal prototype to avoid an error.
|    Use char because int might match the return type of a GCC
|    builtin and then its argument prototype would still apply.  */
| #ifdef __cplusplus
| extern "C"
| #endif
| char strlcpy ();
| /* The GNU C library defines this for functions which it implements
|     to always fail with ENOSYS.  Some functions are actually named
|     something starting with __ and the normal name is an alias.  */
| #if defined __stub_strlcpy || defined __stub___strlcpy
| choke me
| #endif
| 
| int
| main ()
| {
| return strlcpy ();
|   ;
|   return 0;
| }
configure:5884: result: no
configure:5884: checking for strptime
configure:5884: gcc -o conftest -pipe -O2    conftest.c -lnsl  1>&5
configure:5884: $? = 0
configure:5884: result: yes
configure:5884: checking for strtoul
configure:5884: gcc -o conftest -pipe -O2    conftest.c -lnsl  1>&5
configure:5884: $? = 0
configure:5884: result: yes
configure:5884: checking for timegm
configure:5884: gcc -o conftest -pipe -O2    conftest.c -lnsl  1>&5
configure:5884: $? = 0
configure:5884: result: yes
configure:5884: checking for tzset
configure:5884: gcc -o conftest -pipe -O2    conftest.c -lnsl  1>&5
configure:5884: $? = 0
configure:5884: result: yes
configure:6008: checking for getaddrinfo
configure:6008: gcc -o conftest -pipe -O2    conftest.c -lnsl  1>&5
configure:6008: $? = 0
configure:6008: result: yes
configure:6010: checking for getnameinfo
configure:6010: gcc -o conftest -pipe -O2    conftest.c -lnsl  1>&5
configure:6010: $? = 0
configure:6010: result: yes
configure:6023: checking for pcre_compile in -lpcre
configure:6048: gcc -o conftest -pipe -O2    conftest.c -lpcre  -lnsl  1>&5
configure:6048: $? = 0
configure:6057: result: yes
configure:6061: checking pcre.h usability
configure:6061: gcc -c -pipe -O2   conftest.c 1>&5
configure:6061: $? = 0
configure:6061: result: yes
configure:6061: checking pcre.h presence
configure:6061: gcc -E  -pthread conftest.c
configure:6061: $? = 0
configure:6061: result: yes
configure:6061: checking for pcre.h
configure:6061: result: yes
configure:6115: checking for regcomp in -lpcreposix
configure:6140: gcc -o conftest -pipe -O2    conftest.c -lpcreposix -lpcre -lnsl  1>&5
configure:6140: $? = 0
configure:6149: result: yes
configure:6153: checking pcreposix.h usability
configure:6153: gcc -c -pipe -O2   conftest.c 1>&5
configure:6153: $? = 0
configure:6153: result: yes
configure:6153: checking pcreposix.h presence
configure:6153: gcc -E  -pthread conftest.c
configure:6153: $? = 0
configure:6153: result: yes
configure:6153: checking for pcreposix.h
configure:6153: result: yes
configure:6390: checking for zlibVersion in -lz
configure:6415: gcc -o conftest -pipe -O2    conftest.c -lz  -lnsl  1>&5
configure:6415: $? = 0
configure:6424: result: yes
configure:6631: creating ./config.status

## ---------------------- ##
## Running config.status. ##
## ---------------------- ##

This file was extended by config.status, which was
generated by GNU Autoconf 2.69.  Invocation command line was

  CONFIG_FILES    = 
  CONFIG_HEADERS  = 
  CONFIG_LINKS    = 
  CONFIG_COMMANDS = 
  $ ./config.status 

on cosmos

config.status:921: creating GNUmakefile
config.status:921: creating doc/source/ldp.dsl
config.status:921: creating config.h

## ---------------- ##
## Cache variables. ##
## ---------------- ##

ac_cv_build=x86_64-unknown-linux-gnu
ac_cv_c_compiler_gnu=yes
ac_cv_c_const=yes
ac_cv_env_CC_set=
ac_cv_env_CC_value=
ac_cv_env_CFLAGS_set=
ac_cv_env_CFLAGS_value=
ac_cv_env_CPPFLAGS_set=
ac_cv_env_CPPFLAGS_value=
ac_cv_env_CPP_set=
ac_cv_env_CPP_value=
ac_cv_env_LDFLAGS_set=
ac_cv_env_LDFLAGS_value=
ac_cv_env_LIBS_set=
ac_cv_env_LIBS_value=
ac_cv_env_build_alias_set=
ac_cv_env_build_alias_value=
ac_cv_env_host_alias_set=
ac_cv_env_host_alias_value=
ac_cv_env_target_alias_set=
ac_cv_env_target_alias_value=
ac_cv_func_access=yes
ac_cv_func_atexit=yes
ac_cv_func_bcopy=yes
ac_cv_func_getaddrinfo=yes
ac_cv_func_getcwd=yes
ac_cv_func_gethostbyaddr=yes
ac_cv_func_gethostbyaddr_r=yes
ac_cv_func_gethostbyname=yes
ac_cv_func_gethostbyname_r=yes
ac_cv_func_getnameinfo=yes
ac_cv_func_gettimeofday=yes
ac_cv_func_gmtime_r=yes
ac_cv_func_inet_ntoa=yes
ac_cv_func_localtime_r=yes
ac_cv_func_memchr=yes
ac_cv_func_memmove=yes
ac_cv_func_memset=yes
ac_cv_func_poll=yes
ac_cv_func_putenv=yes
ac_cv_func_random=yes
ac_cv_func_regcomp=yes
ac_cv_func_select=yes
ac_cv_func_setlocale=yes
ac_cv_func_shutdown=yes
ac_cv_func_snprintf=yes
ac_cv_func_socket=yes
ac_cv_func_strchr=yes
ac_cv_func_strdup=yes
ac_cv_func_strerror=yes
ac_cv_func_strftime=yes
ac_cv_func_strlcat=no
ac_cv_func_strlcpy=no
ac_cv_func_strptime=yes
ac_cv_func_strtoul=yes
ac_cv_func_timegm=yes
ac_cv_func_tzset=yes
ac_cv_header_OS_h=no
ac_cv_header_arpa_inet_h=yes
ac_cv_header_dirent_dirent_h=yes
ac_cv_header_errno_h=yes
ac_cv_header_fcntl_h=yes
ac_cv_header_inttypes_h=yes
ac_cv_header_limits_h=yes
ac_cv_header_locale_h=yes
ac_cv_header_memory_h=yes
ac_cv_header_netdb_h=yes
ac_cv_header_netinet_in_h=yes
ac_cv_header_pcre_h=yes
ac_cv_header_pcreposix_h=yes
ac_cv_header_pthread_h=yes
ac_cv_header_stdc=yes
ac_cv_header_stddef_h=yes
ac_cv_header_stdint_h=yes
ac_cv_header_stdlib_h=yes
ac_cv_header_string_h=yes
ac_cv_header_strings_h=yes
ac_cv_header_sys_ioctl_h=yes
ac_cv_header_sys_socket_h=yes
ac_cv_header_sys_stat_h=yes
ac_cv_header_sys_time_h=yes
ac_cv_header_sys_timeb_h=yes
ac_cv_header_sys_types_h=yes
ac_cv_header_sys_wait_h=yes
ac_cv_header_time=yes
ac_cv_header_unistd_h=yes
ac_cv_host=x86_64-unknown-linux-gnu
ac_cv_lib_nsl_gethostbyname=yes
ac_cv_lib_pcre_pcre_compile=yes
ac_cv_lib_pcreposix_regcomp=yes
ac_cv_lib_z_zlibVersion=yes
ac_cv_objext=o
ac_cv_path_BGROUPS=/usr/bin/groups
ac_cv_path_EGREP='/usr/bin/grep -E'
ac_cv_path_GREP=/usr/bin/grep
ac_cv_path_ID=/usr/bin/id
ac_cv_path_install='/usr/bin/install -c'
ac_cv_prog_AWK=gawk
ac_cv_prog_CPP='gcc -E'
ac_cv_prog_GDB=no
ac_cv_prog_W3M=w3m
ac_cv_prog_ac_ct_CC=gcc
ac_cv_prog_cc_c89=
ac_cv_prog_cc_g=yes
ac_cv_prog_gcc_traditional=no
ac_cv_prog_make_make_set=yes
ac_cv_search_opendir='none required'
ac_cv_sizeof_char_p=8
ac_cv_sizeof_int=4
ac_cv_sizeof_long=8
ac_cv_sizeof_long_long=8
ac_cv_sizeof_size_t=8
ac_cv_struct_tm=time.h
ac_cv_type_pid_t=yes
ac_cv_type_signal=void
ac_cv_type_size_t=yes

## ----------------- ##
## Output variables. ##
## ----------------- ##

AMIGAOS_ONLY='#'
AWK='gawk'
BGROUPS='/usr/bin/groups'
CC='gcc'
CFLAGS='-pipe -O2'
CODE_STATUS='stable'
CPP='gcc -E'
CPPFLAGS=''
DB2HTML='false'
DEFS='-DHAVE_CONFIG_H'
DKPREFIX='none'
DOC_STATUS='p-stable'
ECHO_C=''
ECHO_N='-n'
ECHO_T=''
EGREP='/usr/bin/grep -E'
EXEEXT=''
GDB='no'
GREP='/usr/bin/grep'
GROUP=''
ID='/usr/bin/id'
INSTALL_DATA='${INSTALL} -m 644'
INSTALL_PROGRAM='${INSTALL}'
INSTALL_SCRIPT='${INSTALL}'
JADEBIN='false'
JADECAT=''
LDFLAGS=''
LIBOBJS=''
LIBS='-lnsl  -lz -lpcre -lpcreposix'
LN_S='ln -s'
LTLIBOBJS=''
MAN2HTML='false'
OBJEXT='o'
PACKAGE_BUGREPORT=''
PACKAGE_NAME=''
PACKAGE_STRING=''
PACKAGE_TARNAME=''
PACKAGE_URL=''
PACKAGE_VERSION=''
PATH_SEPARATOR=':'
PTHREAD_LIB=''
PTHREAD_ONLY=''
RPMBIN='false'
RPM_BASE=''
SET_MAKE=''
SHELL='/bin/sh'
SOCKET_LIB=''
SPECIAL_CFLAGS='-pthread'
STATIC_PCRE_ONLY='#'
STATIC_PCRS_ONLY=''
USER=''
VERSION_MAJOR='3'
VERSION_MINOR='0'
VERSION_POINT='23'
W3M='w3m'
WIN_ONLY='#'
ac_ct_CC='gcc'
bindir='${exec_prefix}/bin'
build='x86_64-unknown-linux-gnu'
build_alias=''
build_cpu='x86_64'
build_os='linux-gnu'
build_vendor='unknown'
datadir='${datarootdir}'
datarootdir='${prefix}/share'
docdir='${datarootdir}/doc/${PACKAGE}'
dvidir='${docdir}'
exec_prefix='${prefix}'
host='x86_64-unknown-linux-gnu'
host_alias=''
host_cpu='x86_64'
host_os='linux-gnu'
host_vendor='unknown'
htmldir='${docdir}'
includedir='${prefix}/include'
infodir='${datarootdir}/info'
libdir='${exec_prefix}/lib'
libexecdir='${exec_prefix}/libexec'
localedir='${datarootdir}/locale'
localstatedir='${prefix}/var'
mandir='${datarootdir}/man'
oldincludedir='/usr/include'
pdfdir='${docdir}'
prefix='/usr/local'
program_transform_name='s,x,x,'
psdir='${docdir}'
sbindir='${exec_prefix}/sbin'
sharedstatedir='${prefix}/com'
sysconfdir='${prefix}/etc'
target_alias=''

## ----------- ##
## confdefs.h. ##
## ----------- ##

/* confdefs.h */
#define PACKAGE_NAME ""
#define PACKAGE_TARNAME ""
#define PACKAGE_VERSION ""
#define PACKAGE_STRING ""
#define PACKAGE_BUGREPORT ""
#define PACKAGE_URL ""
#define VERSION_MAJOR 3
#define VERSION_MINOR 0
#define VERSION_POINT 23
#define VERSION "3.0.23"
#define CODE_STATUS "stable"
#define STDC_HEADERS 1
#define HAVE_SYS_TYPES_H 1
#define HAVE_SYS_STAT_H 1
#define HAVE_STDLIB_H 1
#define HAVE_STRING_H 1
#define HAVE_MEMORY_H 1
#define HAVE_STRINGS_H 1
#define HAVE_INTTYPES_H 1
#define HAVE_STDINT_H 1
#define HAVE_UNISTD_H 1
#define FEATURE_PTHREAD 1
#define HAVE_LIBNSL 1
#define HAVE_GETHOSTBYADDR_R_8_ARGS 1
#define HAVE_GETHOSTBYNAME_R_6_ARGS 1
#define HAVE_GMTIME_R 1
#define HAVE_LOCALTIME_R 1
#define STDC_HEADERS 1
#define HAVE_DIRENT_H 1
#define TIME_WITH_SYS_TIME 1
#define SIZEOF_INT 4
#define SIZEOF_CHAR_P 8
#define SIZEOF_LONG 8
#define SIZEOF_LONG_LONG 8
#define SIZEOF_SIZE_T 8
#define HAVE_ARPA_INET_H 1
#define HAVE_ERRNO_H 1
#define HAVE_FCNTL_H 1
#define HAVE_LIMITS_H 1
#define HAVE_LOCALE_H 1
#define HAVE_NETDB_H 1
#define HAVE_NETINET_IN_H 1
#define HAVE_STDDEF_H 1
#define HAVE_STDLIB_H 1
#define HAVE_STRING_H 1
#define HAVE_SYS_IOCTL_H 1
#define HAVE_SYS_SOCKET_H 1
#define HAVE_SYS_TIME_H 1
#define HAVE_SYS_TIMEB_H 1
#define HAVE_SYS_WAIT_H 1
#define HAVE_UNISTD_H 1
#define HAVE_BCOPY 1
#define RETSIGTYPE void
#define HAVE_ACCESS 1
#define HAVE_ATEXIT 1
#define HAVE_GETCWD 1
#define HAVE_GETHOSTBYADDR 1
#define HAVE_GETHOSTBYADDR_R 1
#define HAVE_GETHOSTBYNAME 1
#define HAVE_GETHOSTBYNAME_R 1
#define HAVE_GETTIMEOFDAY 1
#define HAVE_INET_NTOA 1
#define HAVE_MEMCHR 1
#define HAVE_MEMMOVE 1
#define HAVE_MEMSET 1
#define HAVE_POLL 1
#define HAVE_PUTENV 1
#define HAVE_RANDOM 1
#define HAVE_REGCOMP 1
#define HAVE_SELECT 1
#define HAVE_SETLOCALE 1
#define HAVE_SHUTDOWN 1
#define HAVE_SNPRINTF 1
#define HAVE_SOCKET 1
#define HAVE_STRCHR 1
#define HAVE_STRDUP 1
#define HAVE_STRERROR 1
#define HAVE_STRFTIME 1
#define HAVE_STRPTIME 1
#define HAVE_STRTOUL 1
#define HAVE_TIMEGM 1
#define HAVE_TZSET 1
#define HAVE_RFC2553 1
#define __MT__ 1
#define FEATURE_TOGGLE 1
#define FEATURE_FORCE_LOAD 1
#define FEATURE_FAST_REDIRECTS 1
#define FEATURE_STATISTICS 1
#define FEATURE_IMAGE_BLOCKING 1
#define FEATURE_ACL 1
#define FEATURE_TRUST 1
#define FEATURE_CGI_EDIT_ACTIONS 1
#define FEATURE_ZLIB 1
#define FEATURE_DYNAMIC_PCRE 1
#define FEATURE_CONNECTION_KEEP_ALIVE 1
#define FEATURE_CONNECTION_SHARING 1
#define STATIC_PCRS 1

configure: exit 0
